Build started 2021-01-27 3:33:20 PM.
     1>Project "C:\Users\ayden.holgate\Documents\Visual Studio 2012\Projects\My C++ Folder\chapter5\chapter5Exercise15DiceGame\chapter5Exercise15DiceGame\chapter5Exercise15DiceGame.vcxproj" on node 2 (Build target(s)).
     1>ClCompile:
         C:\Program Files (x86)\Microsoft Visual Studio 11.0\VC\bin\CL.exe /c /ZI /nologo /W3 /WX- /sdl /Od /Oy- /D WIN32 /D _DEBUG /D _CONSOLE /D _UNICODE /D UNICODE /Gm /EHsc /RTC1 /MDd /GS /fp:precise /Zc:wchar_t /Zc:forScope /Yu"stdafx.h" /Fp"Debug\chapter5Exercise15DiceGame.pch" /Fo"Debug\\" /Fd"Debug\vc110.pdb" /Gd /TP /analyze- /errorReport:prompt chapter5Exercise15DiceGame.cpp
         chapter5Exercise15DiceGame.cpp
     1>c:\users\ayden.holgate\documents\visual studio 2012\projects\my c++ folder\chapter5\chapter5exercise15dicegame\chapter5exercise15dicegame\chapter5exercise15dicegame.cpp(34): warning C4244: 'argument' : conversion from 'time_t' to 'unsigned int', possible loss of data
     1>c:\users\ayden.holgate\documents\visual studio 2012\projects\my c++ folder\chapter5\chapter5exercise15dicegame\chapter5exercise15dicegame\chapter5exercise15dicegame.cpp(49): error C2065: 'points' : undeclared identifier
     1>Done Building Project "C:\Users\ayden.holgate\Documents\Visual Studio 2012\Projects\My C++ Folder\chapter5\chapter5Exercise15DiceGame\chapter5Exercise15DiceGame\chapter5Exercise15DiceGame.vcxproj" (Build target(s)) -- FAILED.

Build FAILED.

Time Elapsed 00:00:00.29
